<?xml version="1.0" encoding="UTF-8"?>
<!-- Generated by org.testng.reporters.JUnitReportReporter -->
<testsuite hostname="LAPTOP-0O0C9DPD" failures="0" tests="1" name="Framework.VerifyNavigationBar" time="8.993" errors="0" timestamp="2020-07-28T17:11:17 IST" skipped="0">
  <testcase classname="Framework.VerifyNavigationBar" name="baseNavigation" time="8.993"/>
  <system-out/>
</testsuite> <!-- Framework.VerifyNavigationBar -->
