<?xml version="1.0" encoding="UTF-8"?>
<!-- Generated by org.testng.reporters.JUnitReportReporter -->
<testsuite hostname="LAPTOP-0O0C9DPD" failures="0" tests="1" name="Framework.VerifyNavigationBarTest" time="0.336" errors="0" timestamp="29 Jul 2020 09:20:50 GMT">
  <testcase classname="Framework.VerifyNavigationBarTest" name="baseNavigationBar" time="0.336"/>
</testsuite> <!-- Framework.VerifyNavigationBarTest -->
