<?xml version="1.0" encoding="UTF-8"?>
<!-- Generated by org.testng.reporters.JUnitReportReporter -->
<testsuite hostname="LAPTOP-0O0C9DPD" failures="0" tests="2" name="Framework.HomePageTest" time="14.056" errors="0" timestamp="29 Jul 2020 09:20:50 GMT">
  <testcase classname="Framework.HomePageTest" name="basePageNavigation" time="10.989"/>
  <testcase classname="Framework.HomePageTest" name="basePageNavigation" time="3.067"/>
</testsuite> <!-- Framework.HomePageTest -->
